<?xml version="1.0" encoding="UTF-8"?>
<testng-results ignored="0" total="1" passed="1" failed="0" skipped="0">
  <reporter-output>
  </reporter-output>
  <suite started-at="2022-08-24T20:31:31 IST" name="Default suite" finished-at="2022-08-24T20:31:50 IST" duration-ms="18352">
    <groups>
    </groups>
    <test started-at="2022-08-24T20:31:31 IST" name="Default test" finished-at="2022-08-24T20:31:50 IST" duration-ms="18352">
      <class name="agileTech.testNgFramework.BrokenLinks">
        <test-method signature="searchBrokenLink()[pri:0, instance:agileTech.testNgFramework.BrokenLinks@73700b80]" started-at="2022-08-24T20:31:31 IST" name="searchBrokenLink" finished-at="2022-08-24T20:31:50 IST" duration-ms="18220" status="PASS">
          <reporter-output>
          </reporter-output>
        </test-method> <!-- searchBrokenLink -->
      </class> <!-- agileTech.testNgFramework.BrokenLinks -->
    </test> <!-- Default test -->
  </suite> <!-- Default suite -->
</testng-results>
