<?xml version="1.0" encoding="UTF-8"?>
<!-- Generated by org.testng.reporters.JUnitXMLReporter -->
<testsuite ignored="0" hostname="DESKTOP-LIMR78O" failures="0" tests="4" name="Test" time="16.389" errors="0" timestamp="2022-08-22T19:20:56 IST">
  <testcase classname="agileTech.testNgFramework.SampleClass" name="alogin" time="0.025"/>
  <testcase classname="agileTech.testNgFramework.AssertionInTestNG" name="verifyPage" time="16.239"/>
  <testcase classname="agileTech.testNgFramework.Dependency" name="login" time="0.004"/>
  <testcase classname="agileTech.testNgFramework.Dependency" name="InboxCheck" time="0.002"/>
</testsuite> <!-- Test -->
