<?xml version="1.0" encoding="UTF-8"?>
<testng-results ignored="0" total="2" passed="2" failed="0" skipped="0">
  <reporter-output>
  </reporter-output>
  <suite started-at="2022-08-06T10:01:50Z" name="Default suite" finished-at="2022-08-06T10:01:56Z" duration-ms="5939">
    <groups>
    </groups>
    <test started-at="2022-08-06T10:01:50Z" name="Default test" finished-at="2022-08-06T10:01:56Z" duration-ms="5939">
      <class name="agileTech.selenium.PetStroeRequest">
        <test-method signature="PostRequest()[pri:0, instance:agileTech.selenium.PetStroeRequest@5a9f4771]" started-at="2022-08-06T10:01:50Z" name="PostRequest" finished-at="2022-08-06T10:01:55Z" duration-ms="4862" status="PASS">
          <reporter-output>
          </reporter-output>
        </test-method> <!-- PostRequest -->
        <test-method signature="getRequest()[pri:0, instance:agileTech.selenium.PetStroeRequest@5a9f4771]" started-at="2022-08-06T10:01:55Z" name="getRequest" finished-at="2022-08-06T10:01:56Z" duration-ms="1013" status="PASS">
          <reporter-output>
          </reporter-output>
        </test-method> <!-- getRequest -->
      </class> <!-- agileTech.selenium.PetStroeRequest -->
    </test> <!-- Default test -->
  </suite> <!-- Default suite -->
</testng-results>
