<?xml version="1.0" encoding="UTF-8"?>
<!-- Generated by org.testng.reporters.JUnitXMLReporter -->
<testsuite ignored="3" hostname="DESKTOP-LIMR78O" failures="0" tests="2" name="GRP-Regression" time="0.123" errors="0" timestamp="2022-08-20T13:14:05 IST">
  <testcase classname="agileTech.testNGProject.GropsIntESTng" name="test1" time="0.024"/>
  <testcase classname="agileTech.testNGProject.GropsIntESTng" name="test3" time="0.003"/>
  <testcase classname="agileTech.testNGProject.GropsIntESTng" name="test4" time="0.0">
    <ignored/>
  </testcase> <!-- test4 -->
  <testcase classname="agileTech.testNGProject.GropsIntESTng" name="test2" time="0.0">
    <ignored/>
  </testcase> <!-- test2 -->
  <testcase classname="agileTech.testNGProject.GropsIntESTng" name="test5" time="0.0">
    <ignored/>
  </testcase> <!-- test5 -->
</testsuite> <!-- GRP-Regression -->
