<?xml version="1.0" encoding="UTF-8"?>
<!-- Generated by org.testng.reporters.JUnitXMLReporter -->
<testsuite ignored="2" hostname="DESKTOP-LIMR78O" failures="0" tests="3" name="GRP-Smoke" time="0.128" errors="0" timestamp="2022-08-20T15:42:04 IST">
  <testcase classname="agileTech.testNGProject.GropsIntESTng" name="test2" time="0.025"/>
  <testcase classname="agileTech.testNGProject.GropsIntESTng" name="test3" time="0.005"/>
  <testcase classname="agileTech.testNGProject.GropsIntESTng" name="test4" time="0.004"/>
  <testcase classname="agileTech.testNGProject.GropsIntESTng" name="test1" time="0.0">
    <ignored/>
  </testcase> <!-- test1 -->
  <testcase classname="agileTech.testNGProject.GropsIntESTng" name="test5" time="0.0">
    <ignored/>
  </testcase> <!-- test5 -->
</testsuite> <!-- GRP-Smoke -->
