<?xml version="1.0" encoding="UTF-8"?>
<!-- Generated by org.testng.reporters.JUnitXMLReporter -->
<testsuite ignored="0" hostname="DESKTOP-LIMR78O" failures="0" tests="7" name="Test" time="15.264" errors="0" timestamp="2022-08-21T20:17:06 IST">
  <testcase classname="agileTech.testNGProject.Annotations" name="login" time="0.014"/>
  <testcase classname="agileTech.testNGProject.Annotations" name="signup" time="0.009"/>
  <testcase classname="agileTech.testNGProject.GropsIntESTng" name="test1" time="0.014"/>
  <testcase classname="agileTech.testNGProject.GropsIntESTng" name="test3" time="0.007"/>
  <testcase classname="agileTech.testNGProject.GropsIntESTng" name="test4" time="0.008"/>
  <testcase classname="agileTech.testNGProject.GropsIntESTng" name="test5" time="0.044"/>
  <testcase classname="agileTech.testNGProject.Assertion" name="verifyHomePage" time="14.987"/>
</testsuite> <!-- Test -->
