<?xml version="1.0" encoding="UTF-8"?>
<!-- Generated by org.testng.reporters.JUnitXMLReporter -->
<testsuite ignored="3" hostname="DESKTOP-LIMR78O" failures="0" tests="3" name="GRP-Smoke" time="0.151" errors="0" timestamp="2022-08-20T20:33:32 IST">
  <testcase classname="agileTech.testNgFramework.Skipp" name="method1" time="0.027"/>
  <testcase classname="agileTech.testNgFramework.Skipp" name="method3" time="0.005"/>
  <testcase classname="agileTech.testNgFramework.Skipp" name="method6" time="0.005"/>
  <testcase classname="agileTech.testNgFramework.Skipp" name="method5" time="0.0">
    <ignored/>
  </testcase> <!-- method5 -->
  <testcase classname="agileTech.testNgFramework.Skipp" name="method2" time="0.0">
    <ignored/>
  </testcase> <!-- method2 -->
  <testcase classname="agileTech.testNgFramework.Skipp" name="method4" time="0.0">
    <ignored/>
  </testcase> <!-- method4 -->
</testsuite> <!-- GRP-Smoke -->
