<?xml version="1.0" encoding="UTF-8"?>
<!-- Generated by org.testng.reporters.JUnitXMLReporter -->
<testsuite ignored="2" hostname="DESKTOP-LIMR78O" failures="0" tests="4" name="GRP-Regression" time="0.178" errors="0" timestamp="2022-08-20T20:31:26 IST">
  <testcase classname="agileTech.testNgFramework.Skipp" name="method2" time="0.035"/>
  <testcase classname="agileTech.testNgFramework.Skipp" name="method3" time="0.006"/>
  <testcase classname="agileTech.testNgFramework.Skipp" name="method5" time="0.01"/>
  <testcase classname="agileTech.testNgFramework.Skipp" name="method6" time="0.003"/>
  <testcase classname="agileTech.testNgFramework.Skipp" name="method4" time="0.0">
    <ignored/>
  </testcase> <!-- method4 -->
  <testcase classname="agileTech.testNgFramework.Skipp" name="method1" time="0.0">
    <ignored/>
  </testcase> <!-- method1 -->
</testsuite> <!-- GRP-Regression -->
