<?xml version="1.0" encoding="UTF-8"?>
<!-- Generated by org.testng.reporters.JUnitXMLReporter -->
<testsuite ignored="3" hostname="DESKTOP-LIMR78O" failures="0" tests="4" name="Regression" time="11.806" errors="0" timestamp="2022-08-22T18:02:55 IST">
  <testcase classname="agileTech.testNGProject.Annotations" name="login" time="0.024"/>
  <testcase classname="agileTech.testNGProject.GropsIntESTng" name="test1" time="0.007"/>
  <testcase classname="agileTech.testNGProject.GropsIntESTng" name="test3" time="0.005"/>
  <testcase classname="agileTech.testNGProject.Assertion" name="verifyHomePage" time="11.626"/>
  <testcase classname="agileTech.testNGProject.GropsIntESTng" name="test4" time="0.0">
    <ignored/>
  </testcase> <!-- test4 -->
  <testcase classname="agileTech.testNGProject.Annotations" name="signup" time="0.0">
    <ignored/>
  </testcase> <!-- signup -->
  <testcase classname="agileTech.testNGProject.GropsIntESTng" name="test5" time="0.0">
    <ignored/>
  </testcase> <!-- test5 -->
</testsuite> <!-- Regression -->
