<?xml version="1.0" encoding="UTF-8"?>
<testng-results ignored="0" total="1" passed="1" failed="0" skipped="0">
  <reporter-output>
  </reporter-output>
  <suite started-at="2022-08-24T18:16:42 IST" name="Default suite" finished-at="2022-08-24T18:17:01 IST" duration-ms="18087">
    <groups>
    </groups>
    <test started-at="2022-08-24T18:16:42 IST" name="Default test" finished-at="2022-08-24T18:17:01 IST" duration-ms="18087">
      <class name="agileTech.testNGProject.BrokenLinks">
        <test-method signature="searchBrokenLinks()[pri:0, instance:agileTech.testNGProject.BrokenLinks@429bffaa]" started-at="2022-08-24T18:16:43 IST" name="searchBrokenLinks" finished-at="2022-08-24T18:17:01 IST" duration-ms="17988" status="PASS">
          <reporter-output>
          </reporter-output>
        </test-method> <!-- searchBrokenLinks -->
      </class> <!-- agileTech.testNGProject.BrokenLinks -->
    </test> <!-- Default test -->
  </suite> <!-- Default suite -->
</testng-results>
