<?xml version="1.0" encoding="UTF-8"?>
<testng-results ignored="0" total="2" passed="2" failed="0" skipped="0">
  <reporter-output>
  </reporter-output>
  <suite started-at="2022-09-29T19:38:17 IST" name="Default suite" finished-at="2022-09-29T19:39:00 IST" duration-ms="43255">
    <groups>
    </groups>
    <test started-at="2022-09-29T19:38:17 IST" name="Default test" finished-at="2022-09-29T19:39:00 IST" duration-ms="43255">
      <class name="pomf.testcases.IndexPageTest">
        <test-method is-config="true" signature="loadConfig()[pri:0, instance:pomf.testcases.IndexPageTest@68c72235]" started-at="2022-09-29T19:38:17 IST" name="loadConfig" finished-at="2022-09-29T19:38:17 IST" duration-ms="164" status="PASS">
          <reporter-output>
          </reporter-output>
        </test-method> <!-- loadConfig -->
        <test-method is-config="true" signature="setup()[pri:0, instance:pomf.testcases.IndexPageTest@68c72235]" started-at="2022-09-29T19:38:18 IST" name="setup" finished-at="2022-09-29T19:38:43 IST" duration-ms="25511" status="PASS">
          <reporter-output>
          </reporter-output>
        </test-method> <!-- setup -->
        <test-method signature="verifyLogo()[pri:0, instance:pomf.testcases.IndexPageTest@68c72235]" started-at="2022-09-29T19:38:43 IST" name="verifyLogo" finished-at="2022-09-29T19:38:44 IST" duration-ms="466" status="PASS">
          <reporter-output>
          </reporter-output>
        </test-method> <!-- verifyLogo -->
        <test-method is-config="true" signature="tearDown()[pri:0, instance:pomf.testcases.IndexPageTest@68c72235]" started-at="2022-09-29T19:38:44 IST" name="tearDown" finished-at="2022-09-29T19:38:45 IST" duration-ms="1253" status="PASS">
          <reporter-output>
          </reporter-output>
        </test-method> <!-- tearDown -->
        <test-method is-config="true" signature="setup()[pri:0, instance:pomf.testcases.IndexPageTest@68c72235]" started-at="2022-09-29T19:38:45 IST" name="setup" finished-at="2022-09-29T19:38:59 IST" duration-ms="13939" status="PASS">
          <reporter-output>
          </reporter-output>
        </test-method> <!-- setup -->
        <test-method signature="verifyTitle()[pri:0, instance:pomf.testcases.IndexPageTest@68c72235]" started-at="2022-09-29T19:38:59 IST" name="verifyTitle" finished-at="2022-09-29T19:38:59 IST" duration-ms="29" status="PASS">
          <reporter-output>
          </reporter-output>
        </test-method> <!-- verifyTitle -->
        <test-method is-config="true" signature="tearDown()[pri:0, instance:pomf.testcases.IndexPageTest@68c72235]" started-at="2022-09-29T19:38:59 IST" name="tearDown" finished-at="2022-09-29T19:39:00 IST" duration-ms="1240" status="PASS">
          <reporter-output>
          </reporter-output>
        </test-method> <!-- tearDown -->
      </class> <!-- pomf.testcases.IndexPageTest -->
    </test> <!-- Default test -->
  </suite> <!-- Default suite -->
</testng-results>
