<?xml version="1.0" encoding="UTF-8"?>
<testng-results ignored="0" total="1" passed="1" failed="0" skipped="0">
  <reporter-output>
  </reporter-output>
  <suite started-at="2022-10-01T20:07:42 IST" name="Default suite" finished-at="2022-10-01T20:07:58 IST" duration-ms="15757">
    <groups>
    </groups>
    <test started-at="2022-10-01T20:07:42 IST" name="Default test" finished-at="2022-10-01T20:07:58 IST" duration-ms="15757">
      <class name="pomf.testcases.SearchresultTest">
        <test-method is-config="true" signature="loadConfig()[pri:0, instance:pomf.testcases.SearchresultTest@55b53d44]" started-at="2022-10-01T20:07:43 IST" name="loadConfig" finished-at="2022-10-01T20:07:43 IST" duration-ms="25" status="PASS">
          <reporter-output>
          </reporter-output>
        </test-method> <!-- loadConfig -->
        <test-method is-config="true" signature="setup()[pri:0, instance:pomf.testcases.SearchresultTest@55b53d44]" started-at="2022-10-01T20:07:43 IST" name="setup" finished-at="2022-10-01T20:07:54 IST" duration-ms="11892" status="PASS">
          <reporter-output>
          </reporter-output>
        </test-method> <!-- setup -->
        <test-method signature="verifyString()[pri:0, instance:pomf.testcases.SearchresultTest@55b53d44]" started-at="2022-10-01T20:07:54 IST" name="verifyString" finished-at="2022-10-01T20:07:58 IST" duration-ms="3193" status="PASS">
          <reporter-output>
          </reporter-output>
        </test-method> <!-- verifyString -->
        <test-method is-config="true" signature="tearDown()[pri:0, instance:pomf.testcases.SearchresultTest@55b53d44]" started-at="2022-10-01T20:07:58 IST" name="tearDown" finished-at="2022-10-01T20:07:58 IST" duration-ms="570" status="PASS">
          <reporter-output>
          </reporter-output>
        </test-method> <!-- tearDown -->
      </class> <!-- pomf.testcases.SearchresultTest -->
    </test> <!-- Default test -->
  </suite> <!-- Default suite -->
</testng-results>
