<?xml version="1.0" encoding="UTF-8"?>
<!-- Generated by org.testng.reporters.JUnitXMLReporter -->
<testsuite ignored="6" hostname="DESKTOP-LIMR78O" failures="0" tests="7" name="Regression Test" time="0.197" errors="0" timestamp="2022-08-22T19:35:20 IST">
  <testcase classname="agileTech.testNgFramework.SampleClass" name="alogin" time="0.028"/>
  <testcase classname="agileTech.testNgFramework.SampleClass11" name="signup" time="0.005"/>
  <testcase classname="agileTech.testNgFramework.Skipp" name="method2" time="0.004"/>
  <testcase classname="agileTech.testNgFramework.Skipp" name="method3" time="0.005"/>
  <testcase classname="agileTech.testNgFramework.Skipp" name="method5" time="0.003"/>
  <testcase classname="agileTech.testNgFramework.Skipp" name="method6" time="0.004"/>
  <testcase classname="agileTech.testNgFramework.Dependency" name="login" time="0.003"/>
  <testcase classname="agileTech.testNgFramework.SampleClass11" name="login" time="0.0">
    <ignored/>
  </testcase> <!-- login -->
  <testcase classname="agileTech.testNgFramework.Skipp" name="method4" time="0.0">
    <ignored/>
  </testcase> <!-- method4 -->
  <testcase classname="agileTech.testNgFramework.AssertionInTestNG" name="verifyPage" time="0.0">
    <ignored/>
  </testcase> <!-- verifyPage -->
  <testcase classname="agileTech.testNgFramework.Skipp" name="method1" time="0.0">
    <ignored/>
  </testcase> <!-- method1 -->
  <testcase classname="agileTech.testNgFramework.Dependency" name="InboxCheck" time="0.0">
    <ignored/>
  </testcase> <!-- InboxCheck -->
  <testcase classname="agileTech.testNgFramework.SampleTestClass" name="method2" time="0.0">
    <ignored/>
  </testcase> <!-- method2 -->
</testsuite> <!-- Regression Test -->
